<?xml version="1.0" encoding="UTF-8"?>
<!-- Generated by org.testng.reporters.JUnitReportReporter -->
<testsuite skipped="0" hostname="NATARAJAN" name="testsuite.TestSuite1" tests="1" failures="0" timestamp="22 Dec 2018 07:20:13 GMT" time="37.814" errors="0">
  <testcase name="positive_login" time="37.814" classname="testsuite.TestSuite1"/>
</testsuite> <!-- testsuite.TestSuite1 -->
